Parsed 70 actions.

--- Processing Action 1: 内心的战栗 ---
Generating Scene for 1...
Saved: xiao_ni_20260215_Ultimate_01_scene.jpg
Generating Close-up for 1...
Saved: xiao_ni_20260215_Ultimate_01_closeup.jpg

--- Processing Action 2: 小爱的崩溃 ---
Generating Scene for 2...
Saved: xiao_ni_20260215_Ultimate_02_scene.jpg
Generating Close-up for 2...
Saved: xiao_ni_20260215_Ultimate_02_closeup.jpg

--- Processing Action 3: 主人的指令 ---
Generating Scene for 3...
Failed scene 3: '7'
Generating Close-up for 3...
Failed closeup 3: '7'

--- Processing Action 4: 电击鞭挞 ---
Generating Scene for 4...
Failed scene 4: '7'
Generating Close-up for 4...
Failed closeup 4: '7'

--- Processing Action 5: 惨叫与失禁 ---
Generating Scene for 5...
Saved: xiao_ni_20260215_Ultimate_05_scene.jpg
Generating Close-up for 5...
Saved: xiao_ni_20260215_Ultimate_05_closeup.jpg

--- Processing Action 6: 逆向惩罚 ---
Generating Scene for 6...
Saved: xiao_ni_20260215_Ultimate_06_scene.jpg
Generating Close-up for 6...
Saved: xiao_ni_20260215_Ultimate_06_closeup.jpg

--- Processing Action 7: 指压折磨 ---
Generating Scene for 7...
Saved: xiao_ni_20260215_Ultimate_07_scene.jpg
Generating Close-up for 7...
Saved: xiao_ni_20260215_Ultimate_07_closeup.jpg

--- Processing Action 8: 对话的扭曲 ---
Generating Scene for 8...
Saved: xiao_ni_20260215_Ultimate_08_scene.jpg
Generating Close-up for 8...
Saved: xiao_ni_20260215_Ultimate_08_closeup.jpg

--- Processing Action 9: 小妮的回应 ---
Generating Scene for 9...
Saved: xiao_ni_20260215_Ultimate_09_scene.jpg
Generating Close-up for 9...
Saved: xiao_ni_20260215_Ultimate_09_closeup.jpg

--- Processing Action 10: 重力悬吊 ---
Generating Scene for 10...
Saved: xiao_ni_20260215_Ultimate_10_scene.jpg
Generating Close-up for 10...
Saved: xiao_ni_20260215_Ultimate_10_closeup.jpg

--- Processing Action 11: 乳头的拉扯 ---
Generating Scene for 11...
Saved: xiao_ni_20260215_Ultimate_11_scene.jpg
Generating Close-up for 11...
Saved: xiao_ni_20260215_Ultimate_11_closeup.jpg

--- Processing Action 12: 交互鞭打 ---
Generating Scene for 12...
Saved: xiao_ni_20260215_Ultimate_12_scene.jpg
Generating Close-up for 12...
Saved: xiao_ni_20260215_Ultimate_12_closeup.jpg

--- Processing Action 13: 高频跳蛋 ---
Generating Scene for 13...
Saved: xiao_ni_20260215_Ultimate_13_scene.jpg
Generating Close-up for 13...
Saved: xiao_ni_20260215_Ultimate_13_closeup.jpg

--- Processing Action 14: 小爱的心理活动 ---
Generating Scene for 14...
Saved: xiao_ni_20260215_Ultimate_14_scene.jpg
Generating Close-up for 14...
Saved: xiao_ni_20260215_Ultimate_14_closeup.jpg

--- Processing Action 15: 小妮的独白 ---
Generating Scene for 15...
Saved: xiao_ni_20260215_Ultimate_15_scene.jpg
Generating Close-up for 15...
Saved: xiao_ni_20260215_Ultimate_15_closeup.jpg

--- Processing Action 16: 交互吮吸 ---
Generating Scene for 16...
Saved: xiao_ni_20260215_Ultimate_16_scene.jpg
Generating Close-up for 16...
Saved: xiao_ni_20260215_Ultimate_16_closeup.jpg

--- Processing Action 17: 乳夹过载 ---
Generating Scene for 17...
Failed scene 17: '7'
Generating Close-up for 17...
Failed closeup 17: '7'

--- Processing Action 18: 感官共享 ---
Generating Scene for 18...
Failed scene 18: '7'
Generating Close-up for 18...
Failed closeup 18: '7'

--- Processing Action 19: 言语的羞辱 ---
Generating Scene for 19...
Saved: xiao_ni_20260215_Ultimate_19_scene.jpg
Generating Close-up for 19...
Saved: xiao_ni_20260215_Ultimate_19_closeup.jpg

--- Processing Action 20: 双重潮吹 ---
Generating Scene for 20...
Saved: xiao_ni_20260215_Ultimate_20_scene.jpg
Generating Close-up for 20...
Saved: xiao_ni_20260215_Ultimate_20_closeup.jpg

--- Processing Action 21: 粗暴进入 ---
Generating Scene for 21...
Saved: xiao_ni_20260215_Ultimate_21_scene.jpg
Generating Close-up for 21...
Saved: xiao_ni_20260215_Ultimate_21_closeup.jpg

--- Processing Action 22: 小爱的视角 ---
Generating Scene for 22...
Saved: xiao_ni_20260215_Ultimate_22_scene.jpg
Generating Close-up for 22...
Saved: xiao_ni_20260215_Ultimate_22_closeup.jpg

--- Processing Action 23: 肢解处刑开始 ---
Generating Scene for 23...
Saved: xiao_ni_20260215_Ultimate_23_scene.jpg
Generating Close-up for 23...
Saved: xiao_ni_20260215_Ultimate_23_closeup.jpg

--- Processing Action 24: 小爱的恐惧 ---
Generating Scene for 24...
Saved: xiao_ni_20260215_Ultimate_24_scene.jpg
Generating Close-up for 24...
Saved: xiao_ni_20260215_Ultimate_24_closeup.jpg

--- Processing Action 25: 主人的低语 ---
Generating Scene for 25...
Saved: xiao_ni_20260215_Ultimate_25_scene.jpg
Generating Close-up for 25...
Saved: xiao_ni_20260215_Ultimate_25_closeup.jpg

--- Processing Action 26: 第一肢剥离 ---
Generating Scene for 26...
Saved: xiao_ni_20260215_Ultimate_26_scene.jpg
Generating Close-up for 26...
Saved: xiao_ni_20260215_Ultimate_26_closeup.jpg

--- Processing Action 27: 高潮的剥落 ---
Generating Scene for 27...
Saved: xiao_ni_20260215_Ultimate_27_scene.jpg
Generating Close-up for 27...
Saved: xiao_ni_20260215_Ultimate_27_closeup.jpg

--- Processing Action 28: 内心的崩毁 ---
Generating Scene for 28...
Saved: xiao_ni_20260215_Ultimate_28_scene.jpg
Generating Close-up for 28...
Saved: xiao_ni_20260215_Ultimate_28_closeup.jpg

--- Processing Action 29: 残肢的利用 ---
Generating Scene for 29...
Saved: xiao_ni_20260215_Ultimate_29_scene.jpg
Generating Close-up for 29...
Saved: xiao_ni_20260215_Ultimate_29_closeup.jpg

--- Processing Action 30: 对话的淫靡 ---
Generating Scene for 30...
Saved: xiao_ni_20260215_Ultimate_30_scene.jpg
Generating Close-up for 30...
Saved: xiao_ni_20260215_Ultimate_30_closeup.jpg

--- Processing Action 31: 乳房的告别 ---
Generating Scene for 31...
Saved: xiao_ni_20260215_Ultimate_31_scene.jpg
Generating Close-up for 31...
Saved: xiao_ni_20260215_Ultimate_31_closeup.jpg

--- Processing Action 32: 离体吸吮 ---
Generating Scene for 32...
Saved: xiao_ni_20260215_Ultimate_32_scene.jpg
Generating Close-up for 32...
Saved: xiao_ni_20260215_Ultimate_32_closeup.jpg

--- Processing Action 33: 小妮的嫉妒 ---
Generating Scene for 33...
Saved: xiao_ni_20260215_Ultimate_33_scene.jpg
Generating Close-up for 33...
Saved: xiao_ni_20260215_Ultimate_33_closeup.jpg

--- Processing Action 34: 连续冲刺 ---
Generating Scene for 34...
Saved: xiao_ni_20260215_Ultimate_34_scene.jpg
Generating Close-up for 34...
Saved: xiao_ni_20260215_Ultimate_34_closeup.jpg

--- Processing Action 35: 脊椎的战栗 ---
Generating Scene for 35...
Saved: xiao_ni_20260215_Ultimate_35_scene.jpg
Generating Close-up for 35...
Saved: xiao_ni_20260215_Ultimate_35_closeup.jpg

--- Processing Action 36: 对话的崩裂 ---
Generating Scene for 36...
Saved: xiao_ni_20260215_Ultimate_36_scene.jpg
Generating Close-up for 36...
Saved: xiao_ni_20260215_Ultimate_36_closeup.jpg

--- Processing Action 37: 小妮的心理 ---
Generating Scene for 37...
Saved: xiao_ni_20260215_Ultimate_37_scene.jpg
Generating Close-up for 37...
Saved: xiao_ni_20260215_Ultimate_37_closeup.jpg

--- Processing Action 38: 器官的舞蹈 ---
Generating Scene for 38...
Saved: xiao_ni_20260215_Ultimate_38_scene.jpg
Generating Close-up for 38...
Saved: xiao_ni_20260215_Ultimate_38_closeup.jpg

--- Processing Action 39: 子宫的对撞 ---
Generating Scene for 39...
Failed scene 39: '7'
Generating Close-up for 39...
Failed closeup 39: '7'

--- Processing Action 40: 四十次绝顶 ---
Generating Scene for 40...
Saved: xiao_ni_20260215_Ultimate_40_scene.jpg
Generating Close-up for 40...
Saved: xiao_ni_20260215_Ultimate_40_closeup.jpg

--- Processing Action 41: 最后一腿的处刑 ---
Generating Scene for 41...
Saved: xiao_ni_20260215_Ultimate_41_scene.jpg
Generating Close-up for 41...
Saved: xiao_ni_20260215_Ultimate_41_closeup.jpg

--- Processing Action 42: 盆腔的高潮 ---
Generating Scene for 42...
Saved: xiao_ni_20260215_Ultimate_42_scene.jpg
Generating Close-up for 42...
Saved: xiao_ni_20260215_Ultimate_42_closeup.jpg

--- Processing Action 43: 动作细节 ---
Generating Scene for 43...
Saved: xiao_ni_20260215_Ultimate_43_scene.jpg
Generating Close-up for 43...
Saved: xiao_ni_20260215_Ultimate_43_closeup.jpg

--- Processing Action 44: 内脏的战栗 ---
Generating Scene for 44...
Failed scene 44: '7'
Generating Close-up for 44...
Failed closeup 44: '7'

--- Processing Action 45: 由于器官而被直接刺激 ---
Generating Scene for 45...
Failed scene 45: '7'
Generating Close-up for 45...
Failed closeup 45: '7'

--- Processing Action 46: 小爱的神情 ---
Generating Scene for 46...
Failed scene 46: '7'
Generating Close-up for 46...
Failed closeup 46: '7'

--- Processing Action 47: 对话的变态 ---
Generating Scene for 47...
Saved: xiao_ni_20260215_Ultimate_47_scene.jpg
Generating Close-up for 47...
Saved: xiao_ni_20260215_Ultimate_47_closeup.jpg

--- Processing Action 48: 小妮的回应 ---
Generating Scene for 48...
Saved: xiao_ni_20260215_Ultimate_48_scene.jpg
Generating Close-up for 48...
Saved: xiao_ni_20260215_Ultimate_48_closeup.jpg

--- Processing Action 49: 头颅的斩下 ---
Generating Scene for 49...
Saved: xiao_ni_20260215_Ultimate_49_scene.jpg
Generating Close-up for 49...
Saved: xiao_ni_20260215_Ultimate_49_closeup.jpg

--- Processing Action 50: 斩首瞬间 ---
Generating Scene for 50...
Saved: xiao_ni_20260215_Ultimate_50_scene.jpg
Generating Close-up for 50...
Saved: xiao_ni_20260215_Ultimate_50_closeup.jpg

--- Processing Action 51: 离体潮吹 ---
Generating Scene for 51...
Saved: xiao_ni_20260215_Ultimate_51_scene.jpg
Generating Close-up for 51...
Saved: xiao_ni_20260215_Ultimate_51_closeup.jpg

--- Processing Action 52: 器官的性交 ---
Generating Scene for 52...
Saved: xiao_ni_20260215_Ultimate_52_scene.jpg
Generating Close-up for 52...
Saved: xiao_ni_20260215_Ultimate_52_closeup.jpg

--- Processing Action 53: 心理描写 ---
Generating Scene for 53...
Saved: xiao_ni_20260215_Ultimate_53_scene.jpg
Generating Close-up for 53...
Saved: xiao_ni_20260215_Ultimate_53_closeup.jpg

--- Processing Action 54: 对话流 ---
Generating Scene for 54...
Saved: xiao_ni_20260215_Ultimate_54_scene.jpg
Generating Close-up for 54...
Saved: xiao_ni_20260215_Ultimate_54_closeup.jpg

--- Processing Action 55: 连续捅入 ---
Generating Scene for 55...
Saved: xiao_ni_20260215_Ultimate_55_scene.jpg
Generating Close-up for 55...
Saved: xiao_ni_20260215_Ultimate_55_closeup.jpg

--- Processing Action 56: 碎块的共鸣 ---
Generating Scene for 56...
Saved: xiao_ni_20260215_Ultimate_56_scene.jpg
Generating Close-up for 56...
Saved: xiao_ni_20260215_Ultimate_56_closeup.jpg

--- Processing Action 57: 终极贯穿 ---
Generating Scene for 57...
Saved: xiao_ni_20260215_Ultimate_57_scene.jpg
Generating Close-up for 57...
Saved: xiao_ni_20260215_Ultimate_57_closeup.jpg

--- Processing Action 58: 播种的仪式 ---
Generating Scene for 58...
Failed scene 58: '7'
Generating Close-up for 58...
Failed closeup 58: '7'

--- Processing Action 59: 器官的共享 ---
Generating Scene for 59...
Saved: xiao_ni_20260215_Ultimate_59_scene.jpg
Generating Close-up for 59...
Saved: xiao_ni_20260215_Ultimate_59_closeup.jpg

--- Processing Action 60: 绝后咆哮 ---
Generating Scene for 60...
Saved: xiao_ni_20260215_Ultimate_60_scene.jpg
Generating Close-up for 60...
Saved: xiao_ni_20260215_Ultimate_60_closeup.jpg

--- Processing Action 61: 种子的混合 ---
Generating Scene for 61...
Saved: xiao_ni_20260215_Ultimate_61_scene.jpg
Generating Close-up for 61...
Saved: xiao_ni_20260215_Ultimate_61_closeup.jpg

--- Processing Action 62: 小妮的赎罪 ---
Generating Scene for 62...
Saved: xiao_ni_20260215_Ultimate_62_scene.jpg
Generating Close-up for 62...
Saved: xiao_ni_20260215_Ultimate_62_closeup.jpg

--- Processing Action 63: 肌肉的纠缠 ---
Generating Scene for 63...
Saved: xiao_ni_20260215_Ultimate_63_scene.jpg
Generating Close-up for 63...
Saved: xiao_ni_20260215_Ultimate_63_closeup.jpg

--- Processing Action 64: 连接的对话 ---
Generating Scene for 64...
Saved: xiao_ni_20260215_Ultimate_64_scene.jpg
Generating Close-up for 64...
Saved: xiao_ni_20260215_Ultimate_64_closeup.jpg

--- Processing Action 65: 重生的表情 ---
Generating Scene for 65...
Saved: xiao_ni_20260215_Ultimate_65_scene.jpg
Generating Close-up for 65...
Saved: xiao_ni_20260215_Ultimate_65_closeup.jpg

--- Processing Action 66: 勋章的生成 ---
Generating Scene for 66...
Saved: xiao_ni_20260215_Ultimate_66_scene.jpg
Generating Close-up for 66...
Saved: xiao_ni_20260215_Ultimate_66_closeup.jpg

--- Processing Action 67: 头颅的重合 ---
Generating Scene for 67...
Saved: xiao_ni_20260215_Ultimate_67_scene.jpg
Generating Close-up for 67...
Saved: xiao_ni_20260215_Ultimate_67_closeup.jpg

--- Processing Action 68: 由于重生产生的处女感 ---
Generating Scene for 68...
Saved: xiao_ni_20260215_Ultimate_68_scene.jpg
Generating Close-up for 68...
Saved: xiao_ni_20260215_Ultimate_68_closeup.jpg

--- Processing Action 69: 最后一入 ---
Generating Scene for 69...
Saved: xiao_ni_20260215_Ultimate_69_scene.jpg
Generating Close-up for 69...
Saved: xiao_ni_20260215_Ultimate_69_closeup.jpg

--- Processing Action 70: 永恒的自白 ---
Generating Scene for 70...
Saved: xiao_ni_20260215_Ultimate_70_scene.jpg
Generating Close-up for 70...
Saved: xiao_ni_20260215_Ultimate_70_closeup.jpg
